<?xml version="1.0" encoding="UTF-8"?>
<!-- Generated by org.testng.reporters.JUnitReportReporter -->
<testsuite hostname="DESKTOP-0AAQTU0" failures="0" tests="1" name="thescore.MobileTestFramework.tests.LeagueTest" time="35.460" errors="0" timestamp="2024-03-24T11:33:45 EDT" skipped="0">
  <testcase classname="thescore.MobileTestFramework.tests.LeagueTest" name="testLeague" time="35.460"/>
  <system-out/>
</testsuite> <!-- thescore.MobileTestFramework.tests.LeagueTest -->
