<?xml version="1.0" encoding="UTF-8"?>
<!-- Generated by org.testng.reporters.JUnitReportReporter -->
<testsuite hostname="DESKTOP-0AAQTU0" failures="0" tests="1" name="thescore.MobileTestFramework.tests.LaunchApp" time="0.004" errors="0" timestamp="2024-03-22T18:41:24 EDT" skipped="0">
  <testcase classname="thescore.MobileTestFramework.tests.LaunchApp" name="isWelcomeDisplayed" time="0.004"/>
  <system-out/>
</testsuite> <!-- thescore.MobileTestFramework.tests.LaunchApp -->
