<?xml version="1.0" encoding="UTF-8"?>
<!-- Generated by org.testng.reporters.JUnitReportReporter -->
<testsuite hostname="DESKTOP-0AAQTU0" failures="0" tests="1" name="thescore.MobileTestFramework.tests.LeagueTest" time="147.518" errors="0" timestamp="2024-03-25T12:10:02 EDT" skipped="0">
  <testcase classname="thescore.MobileTestFramework.tests.LeagueTest" name="getStartedTest" time="147.518"/>
  <system-out/>
</testsuite> <!-- thescore.MobileTestFramework.tests.LeagueTest -->
