<?xml version="1.0" encoding="UTF-8"?>
<!-- Generated by org.testng.reporters.JUnitReportReporter -->
<testsuite hostname="DESKTOP-0AAQTU0" failures="0" tests="1" name="thescore.MobileTestFramework.tests.GetStartedTest" time="4.617" errors="0" timestamp="2024-03-23T00:32:58 EDT" skipped="0">
  <testcase classname="thescore.MobileTestFramework.tests.GetStartedTest" name="getStarted" time="4.617"/>
  <system-out/>
</testsuite> <!-- thescore.MobileTestFramework.tests.GetStartedTest -->
