<?xml version="1.0" encoding="UTF-8"?>
<!-- Generated by org.testng.reporters.JUnitReportReporter -->
<testsuite hostname="DESKTOP-0AAQTU0" failures="0" tests="2" name="thescore.MobileTestFramework.tests.LeagueTest" time="267.486" errors="0" timestamp="2024-03-25T12:50:12 EDT" skipped="0">
  <testcase classname="thescore.MobileTestFramework.tests.LeagueTest" name="getStartedTest" time="132.087"/>
  <system-out/>
  <testcase classname="thescore.MobileTestFramework.tests.LeagueTest" name="testLeague" time="135.399"/>
  <system-out/>
</testsuite> <!-- thescore.MobileTestFramework.tests.LeagueTest -->
